1584037288294	mozrunner::runner	INFO	Running command: "/usr/bin/firefox" "-marionette" "-headless" "-foreground" "-no-remote" "-profile" "/tmp/rust_mozprofileWOFQRN"
*** You are running in headless mode.
1584037288755	addons.webextension.screenshots@mozilla.org	WARN	Loading extension 'screenshots@mozilla.org': Reading manifest: Invalid host permission: resource://pdf.js/
1584037288755	addons.webextension.screenshots@mozilla.org	WARN	Loading extension 'screenshots@mozilla.org': Reading manifest: Invalid host permission: about:reader*
1584037291496	Marionette	INFO	Listening on port 33483
1584037291505	Marionette	WARN	TLS certificate errors will be ignored for this session
console.error: BroadcastService: 
  receivedBroadcastMessage: handler for
  remote-settings/monitor_changes
  threw error:
  Message: Error: Polling for changes failed: NetworkError when attempting to fetch resource..
  Stack:
    remoteSettingsFunction/remoteSettings.pollChanges@resource://services-settings/remote-settings.js:750:13

1584037385076	mozrunner::runner	INFO	Running command: "/usr/bin/firefox" "-marionette" "-foreground" "-no-remote" "-profile" "/tmp/rust_mozprofilefilNEJ"
1584037385560	addons.webextension.screenshots@mozilla.org	WARN	Loading extension 'screenshots@mozilla.org': Reading manifest: Invalid host permission: resource://pdf.js/
1584037385562	addons.webextension.screenshots@mozilla.org	WARN	Loading extension 'screenshots@mozilla.org': Reading manifest: Invalid host permission: about:reader*

(firefox:14421): Gtk-WARNING **: 15:23:06.381: Theme parsing error: <data>:1:34: Expected ')' in color definition

(firefox:14421): Gtk-WARNING **: 15:23:06.381: Theme parsing error: <data>:1:78: Expected ')' in color definition
1584037389853	Marionette	INFO	Listening on port 45189
1584037389903	Marionette	WARN	TLS certificate errors will be ignored for this session
console.error: BroadcastService: 
  receivedBroadcastMessage: handler for
  remote-settings/monitor_changes
  threw error:
  Message: Error: Polling for changes failed: NetworkError when attempting to fetch resource..
  Stack:
    remoteSettingsFunction/remoteSettings.pollChanges@resource://services-settings/remote-settings.js:750:13

1584040383096	mozrunner::runner	INFO	Running command: "/usr/bin/firefox" "-marionette" "-foreground" "-no-remote" "-profile" "/tmp/rust_mozprofilebkdjM3"
1584040383605	addons.webextension.screenshots@mozilla.org	WARN	Loading extension 'screenshots@mozilla.org': Reading manifest: Invalid host permission: resource://pdf.js/
1584040383605	addons.webextension.screenshots@mozilla.org	WARN	Loading extension 'screenshots@mozilla.org': Reading manifest: Invalid host permission: about:reader*

(firefox:15470): Gtk-WARNING **: 16:13:04.123: Theme parsing error: <data>:1:34: Expected ')' in color definition

(firefox:15470): Gtk-WARNING **: 16:13:04.123: Theme parsing error: <data>:1:78: Expected ')' in color definition
1584040386714	Marionette	INFO	Listening on port 42291
1584040386809	Marionette	WARN	TLS certificate errors will be ignored for this session
1584040388813	Marionette	INFO	Stopped listening on port 42291
JavaScript error: resource://activity-stream/lib/ActivityStreamPrefs.jsm, line 29: NS_ERROR_ILLEGAL_VALUE: Component returned failure code: 0x80070057 (NS_ERROR_ILLEGAL_VALUE) [nsIPrefBranch.removeObserver]
JavaScript error: resource://gre/modules/ExtensionSettingsStore.jsm, line 103: Error: The ExtensionSettingsStore was accessed before the initialize promise resolved.
JavaScript error: resource://gre/modules/Sqlite.jsm, line 841: Error: Connection is not open.
console.error: 
  [Exception... "Component returned failure code: 0x80004005 (NS_ERROR_FAILURE) [nsIAppShellService.hiddenDOMWindow]"  nsresult: "0x80004005 (NS_ERROR_FAILURE)"  location: "JS frame :: resource://activity-stream/lib/DownloadsManager.jsm :: init :: line 44"  data: no]: init@resource://activity-stream/lib/DownloadsManager.jsm:44:5
postInit@resource://activity-stream/lib/HighlightsFeed.jsm:60:5
handler@resource://gre/modules/EventEmitter.jsm:94:11
emit@resource://gre/modules/EventEmitter.jsm:149:11
init@resource://activity-stream/lib/SectionsManager.jsm:119:5
observe@resource://gre/modules/AsyncShutdown.jsm:541:9

1584040413873	mozrunner::runner	INFO	Running command: "/usr/bin/firefox" "-marionette" "-foreground" "-no-remote" "-profile" "/tmp/rust_mozprofileUbPJBC"
1584040414332	addons.webextension.screenshots@mozilla.org	WARN	Loading extension 'screenshots@mozilla.org': Reading manifest: Invalid host permission: resource://pdf.js/
1584040414333	addons.webextension.screenshots@mozilla.org	WARN	Loading extension 'screenshots@mozilla.org': Reading manifest: Invalid host permission: about:reader*

(firefox:15753): Gtk-WARNING **: 16:13:34.871: Theme parsing error: <data>:1:34: Expected ')' in color definition

(firefox:15753): Gtk-WARNING **: 16:13:34.871: Theme parsing error: <data>:1:78: Expected ')' in color definition
1584040417399	Marionette	INFO	Listening on port 44511
1584040417522	Marionette	WARN	TLS certificate errors will be ignored for this session
1584040516567	mozrunner::runner	INFO	Running command: "/usr/bin/firefox" "-marionette" "-foreground" "-no-remote" "-profile" "/tmp/rust_mozprofile9EC0D4"
1584040517089	addons.webextension.screenshots@mozilla.org	WARN	Loading extension 'screenshots@mozilla.org': Reading manifest: Invalid host permission: resource://pdf.js/
1584040517089	addons.webextension.screenshots@mozilla.org	WARN	Loading extension 'screenshots@mozilla.org': Reading manifest: Invalid host permission: about:reader*

(firefox:16097): Gtk-WARNING **: 16:15:17.703: Theme parsing error: <data>:1:34: Expected ')' in color definition

(firefox:16097): Gtk-WARNING **: 16:15:17.703: Theme parsing error: <data>:1:78: Expected ')' in color definition
1584040520276	Marionette	INFO	Listening on port 34855
1584040520289	Marionette	WARN	TLS certificate errors will be ignored for this session
console.error: BroadcastService: 
  receivedBroadcastMessage: handler for
  remote-settings/monitor_changes
  threw error:
  Message: Error: Polling for changes failed: NetworkError when attempting to fetch resource..
  Stack:
    remoteSettingsFunction/remoteSettings.pollChanges@resource://services-settings/remote-settings.js:750:13

console.error: BroadcastService: 
  receivedBroadcastMessage: handler for
  remote-settings/monitor_changes
  threw error:
  Message: Error: Polling for changes failed: NetworkError when attempting to fetch resource..
  Stack:
    remoteSettingsFunction/remoteSettings.pollChanges@resource://services-settings/remote-settings.js:750:13

1584041093705	mozrunner::runner	INFO	Running command: "/usr/bin/firefox" "-marionette" "-foreground" "-no-remote" "-profile" "/tmp/rust_mozprofilePMZXJY"
1584041094150	addons.webextension.screenshots@mozilla.org	WARN	Loading extension 'screenshots@mozilla.org': Reading manifest: Invalid host permission: resource://pdf.js/
1584041094150	addons.webextension.screenshots@mozilla.org	WARN	Loading extension 'screenshots@mozilla.org': Reading manifest: Invalid host permission: about:reader*

(firefox:16564): Gtk-WARNING **: 16:24:54.676: Theme parsing error: <data>:1:34: Expected ')' in color definition

(firefox:16564): Gtk-WARNING **: 16:24:54.676: Theme parsing error: <data>:1:78: Expected ')' in color definition
1584041097480	Marionette	INFO	Listening on port 43267
1584041097528	Marionette	WARN	TLS certificate errors will be ignored for this session
1584041146514	mozrunner::runner	INFO	Running command: "/usr/bin/firefox" "-marionette" "-foreground" "-no-remote" "-profile" "/tmp/rust_mozprofileHCUd08"
1584041147369	addons.webextension.screenshots@mozilla.org	WARN	Loading extension 'screenshots@mozilla.org': Reading manifest: Invalid host permission: resource://pdf.js/
1584041147369	addons.webextension.screenshots@mozilla.org	WARN	Loading extension 'screenshots@mozilla.org': Reading manifest: Invalid host permission: about:reader*

(firefox:16844): Gtk-WARNING **: 16:25:48.020: Theme parsing error: <data>:1:34: Expected ')' in color definition

(firefox:16844): Gtk-WARNING **: 16:25:48.020: Theme parsing error: <data>:1:78: Expected ')' in color definition
1584041150690	Marionette	INFO	Listening on port 41955
1584041150740	Marionette	WARN	TLS certificate errors will be ignored for this session
1584041261646	mozrunner::runner	INFO	Running command: "/usr/bin/firefox" "-marionette" "-foreground" "-no-remote" "-profile" "/tmp/rust_mozprofile1M07DG"
1584041262117	addons.webextension.screenshots@mozilla.org	WARN	Loading extension 'screenshots@mozilla.org': Reading manifest: Invalid host permission: resource://pdf.js/
1584041262117	addons.webextension.screenshots@mozilla.org	WARN	Loading extension 'screenshots@mozilla.org': Reading manifest: Invalid host permission: about:reader*

(firefox:17142): Gtk-WARNING **: 16:27:42.667: Theme parsing error: <data>:1:34: Expected ')' in color definition

(firefox:17142): Gtk-WARNING **: 16:27:42.667: Theme parsing error: <data>:1:78: Expected ')' in color definition
1584041265271	Marionette	INFO	Listening on port 46627
1584041265366	Marionette	WARN	TLS certificate errors will be ignored for this session
console.error: BroadcastService: 
  receivedBroadcastMessage: handler for
  remote-settings/monitor_changes
  threw error:
  Message: Error: Polling for changes failed: NetworkError when attempting to fetch resource..
  Stack:
    remoteSettingsFunction/remoteSettings.pollChanges@resource://services-settings/remote-settings.js:750:13

console.error: BroadcastService: 
  receivedBroadcastMessage: handler for
  remote-settings/monitor_changes
  threw error:
  Message: Error: Polling for changes failed: NetworkError when attempting to fetch resource..
  Stack:
    remoteSettingsFunction/remoteSettings.pollChanges@resource://services-settings/remote-settings.js:750:13

1584041399950	mozrunner::runner	INFO	Running command: "/usr/bin/firefox" "-marionette" "-foreground" "-no-remote" "-profile" "/tmp/rust_mozprofiled9M3WD"
1584041400445	addons.webextension.screenshots@mozilla.org	WARN	Loading extension 'screenshots@mozilla.org': Reading manifest: Invalid host permission: resource://pdf.js/
1584041400446	addons.webextension.screenshots@mozilla.org	WARN	Loading extension 'screenshots@mozilla.org': Reading manifest: Invalid host permission: about:reader*

(firefox:17483): Gtk-WARNING **: 16:30:01.024: Theme parsing error: <data>:1:34: Expected ')' in color definition

(firefox:17483): Gtk-WARNING **: 16:30:01.024: Theme parsing error: <data>:1:78: Expected ')' in color definition
1584041403641	Marionette	INFO	Listening on port 40175
1584041403669	Marionette	WARN	TLS certificate errors will be ignored for this session
console.error: BroadcastService: 
  receivedBroadcastMessage: handler for
  remote-settings/monitor_changes
  threw error:
  Message: Error: Polling for changes failed: NetworkError when attempting to fetch resource..
  Stack:
    remoteSettingsFunction/remoteSettings.pollChanges@resource://services-settings/remote-settings.js:750:13

1584046276741	Marionette	INFO	Stopped listening on port 40175
[Parent 15753, Gecko_IOThread] WARNING: pipe error (78): Connection reset by peer: file /build/firefox-fvtOIe/firefox-64.0+linuxmint2+tessa/ipc/chromium/src/chrome/common/ipc_channel_posix.cc, line 363
[Parent 15753, Gecko_IOThread] WARNING: pipe error (75): Connection reset by peer: file /build/firefox-fvtOIe/firefox-64.0+linuxmint2+tessa/ipc/chromium/src/chrome/common/ipc_channel_posix.cc, line 363

###!!! [Parent][RunMessage] Error: Channel error: cannot send/recv


###!!! [Parent][RunMessage] Error: Channel error: cannot send/recv


###!!! [Parent][RunMessage] Error: Channel error: cannot send/recv


###!!! [Parent][RunMessage] Error: Channel error: cannot send/recv


###!!! [Parent][RunMessage] Error: Channel error: cannot send/recv


###!!! [Parent][RunMessage] Error: Channel error: cannot send/recv


###!!! [Parent][RunMessage] Error: Channel error: cannot send/recv


###!!! [Parent][RunMessage] Error: Channel error: cannot send/recv


###!!! [Parent][RunMessage] Error: Channel error: cannot send/recv


###!!! [Parent][RunMessage] Error: Channel error: cannot send/recv


###!!! [Parent][RunMessage] Error: Channel error: cannot send/recv


###!!! [Parent][RunMessage] Error: Channel error: cannot send/recv


###!!! [Parent][RunMessage] Error: Channel error: cannot send/recv


###!!! [Parent][RunMessage] Error: Channel error: cannot send/recv


###!!! [Parent][RunMessage] Error: Channel error: cannot send/recv


###!!! [Parent][RunMessage] Error: Channel error: cannot send/recv

A content process crashed and MOZ_CRASHREPORTER_SHUTDOWN is set, shutting down
A content process crashed and MOZ_CRASHREPORTER_SHUTDOWN is set, shutting down
WARNING: At least one completion condition is taking too long to complete. Conditions: [{"name":"Places Connection shutdown","state":{"progress":{}},"filename":"/build/firefox-fvtOIe/firefox-64.0+linuxmint2+tessa/toolkit/components/places/Database.cpp","lineNumber":525,"stack":["jar:file:///usr/lib/firefox/omni.ja!/components/nsAsyncShutdown.js:addBlocker:152","resource://gre/modules/PlacesUtils.jsm:null:1788","resource://gre/modules/XPCOMUtils.jsm:get:129","resource://gre/modules/PlacesUtils.jsm:getFolderContents:1156","jar:file:///usr/lib/firefox/browser/omni.ja!/components/nsBrowserGlue.js:getToolbarFolderCount:2186","jar:file:///usr/lib/firefox/browser/omni.ja!/components/nsBrowserGlue.js:_maybeToggleBookmarkToolbarVisibility:2192","jar:file:///usr/lib/firefox/browser/omni.ja!/components/nsBrowserGlue.js:BG__migrateUI:2216","jar:file:///usr/lib/firefox/browser/omni.ja!/components/nsBrowserGlue.js:BG__beforeUIStartup:1017","jar:file:///usr/lib/firefox/browser/omni.ja!/components/nsBrowserGlue.js:BG_observe:719"]}] Barrier: profile-before-change
WARNING: At least one completion condition is taking too long to complete. Conditions: [{"name":"Places Connection shutdown","state":{"progress":{}},"filename":"/build/firefox-fvtOIe/firefox-64.0+linuxmint2+tessa/toolkit/components/places/Database.cpp","lineNumber":525,"stack":["jar:file:///usr/lib/firefox/omni.ja!/components/nsAsyncShutdown.js:addBlocker:152","resource://gre/modules/PlacesUtils.jsm:null:1788","resource://gre/modules/XPCOMUtils.jsm:get:129","resource://gre/modules/PlacesUtils.jsm:getFolderContents:1156","jar:file:///usr/lib/firefox/browser/omni.ja!/components/nsBrowserGlue.js:getToolbarFolderCount:2186","jar:file:///usr/lib/firefox/browser/omni.ja!/components/nsBrowserGlue.js:_maybeToggleBookmarkToolbarVisibility:2192","jar:file:///usr/lib/firefox/browser/omni.ja!/components/nsBrowserGlue.js:BG__migrateUI:2216","jar:file:///usr/lib/firefox/browser/omni.ja!/components/nsBrowserGlue.js:BG__beforeUIStartup:1017","jar:file:///usr/lib/firefox/browser/omni.ja!/components/nsBrowserGlue.js:BG_observe:719"]}] Barrier: profile-before-change
1584046312714	Marionette	INFO	Stopped listening on port 44511
1584046313323	Marionette	INFO	Stopped listening on port 43267
